<?xml version="1.0" encoding="UTF-8"?>
<!-- Generated by org.testng.reporters.JUnitReportReporter -->
<testsuite hostname="DESKTOP-66N43ST" failures="0" tests="1" name="resources.Baseclass" time="14.757" errors="0" timestamp="2021-10-30T21:22:46 IST" skipped="0">
  <testcase classname="resources.Baseclass" name="BaseCall" time="14.757"/>
  <system-out/>
</testsuite> <!-- resources.Baseclass -->
